<?xml version="1.0" encoding="UTF-8"?>
<coverage generated="1583686049612" clover="3.2.0">
  <project timestamp="1583686049612" name="All files">
    <metrics statements="65" coveredstatements="64" conditionals="6" coveredconditionals="6" methods="26" coveredmethods="25" elements="97" coveredelements="95" complexity="0" loc="65" ncloc="65" packages="3" files="6" classes="6"/>
    <package name="deck">
      <metrics statements="27" coveredstatements="27" conditionals="0" coveredconditionals="0" methods="11" coveredmethods="11"/>
      <file name="card.ts" path="/home/lucas/Documents/offshore/truco-game/src/modules/deck/card.ts">
        <metrics statements="11" coveredstatements="11" conditionals="0" coveredconditionals="0" methods="5" coveredmethods="5"/>
        <line num="6" count="2" type="stmt"/>
        <line num="9" count="283" type="stmt"/>
        <line num="10" count="283" type="stmt"/>
        <line num="11" count="283" type="stmt"/>
        <line num="14" count="283" type="stmt"/>
        <line num="15" count="283" type="stmt"/>
        <line num="16" count="283" type="stmt"/>
        <line num="20" count="1" type="stmt"/>
        <line num="24" count="1" type="stmt"/>
        <line num="28" count="1" type="stmt"/>
        <line num="32" count="161" type="stmt"/>
      </file>
      <file name="deck.ts" path="/home/lucas/Documents/offshore/truco-game/src/modules/deck/deck.ts">
        <metrics statements="16" coveredstatements="16" conditionals="0" coveredconditionals="0" methods="6" coveredmethods="6"/>
        <line num="1" count="1" type="stmt"/>
        <line num="2" count="1" type="stmt"/>
        <line num="14" count="1" type="stmt"/>
        <line num="15" count="1" type="stmt"/>
        <line num="17" count="7" type="stmt"/>
        <line num="21" count="7" type="stmt"/>
        <line num="27" count="7" type="stmt"/>
        <line num="28" count="7" type="stmt"/>
        <line num="29" count="280" type="stmt"/>
        <line num="32" count="7" type="stmt"/>
        <line num="33" count="295" type="stmt"/>
        <line num="34" count="295" type="stmt"/>
        <line num="36" count="7" type="stmt"/>
        <line num="40" count="162" type="stmt"/>
        <line num="41" count="162" type="stmt"/>
        <line num="49" count="1" type="stmt"/>
      </file>
    </package>
    <package name="game">
      <metrics statements="36" coveredstatements="35" conditionals="6" coveredconditionals="6" methods="14" coveredmethods="13"/>
      <file name="game.ts" path="/home/lucas/Documents/offshore/truco-game/src/modules/game/game.ts">
        <metrics statements="20" coveredstatements="20" conditionals="6" coveredconditionals="6" methods="7" coveredmethods="7"/>
        <line num="1" count="1" type="stmt"/>
        <line num="3" count="1" type="stmt"/>
        <line num="5" count="1" type="stmt"/>
        <line num="6" count="8" type="stmt"/>
        <line num="7" count="8" type="stmt"/>
        <line num="8" count="8" type="stmt"/>
        <line num="9" count="8" type="stmt"/>
        <line num="11" count="8" type="stmt"/>
        <line num="12" count="8" type="cond" truecount="2" falsecount="0"/>
        <line num="13" count="6" type="stmt"/>
        <line num="14" count="6" type="stmt"/>
        <line num="15" count="6" type="stmt"/>
        <line num="19" count="1" type="stmt"/>
        <line num="23" count="1" type="stmt"/>
        <line num="27" count="3" type="stmt"/>
        <line num="31" count="3" type="stmt"/>
        <line num="35" count="3" type="stmt"/>
        <line num="36" count="3" type="cond" truecount="4" falsecount="0"/>
        <line num="37" count="1" type="stmt"/>
        <line num="39" count="2" type="stmt"/>
      </file>
      <file name="player.ts" path="/home/lucas/Documents/offshore/truco-game/src/modules/game/player.ts">
        <metrics statements="11" coveredstatements="11" conditionals="0" coveredconditionals="0" methods="4" coveredmethods="4"/>
        <line num="2" count="3" type="stmt"/>
        <line num="4" count="3" type="stmt"/>
        <line num="5" count="17" type="stmt"/>
        <line num="6" count="17" type="stmt"/>
        <line num="7" count="17" type="stmt"/>
        <line num="9" count="17" type="stmt"/>
        <line num="10" count="17" type="stmt"/>
        <line num="11" count="17" type="stmt"/>
        <line num="15" count="1" type="stmt"/>
        <line num="19" count="1" type="stmt"/>
        <line num="23" count="2" type="stmt"/>
      </file>
      <file name="round.ts" path="/home/lucas/Documents/offshore/truco-game/src/modules/game/round.ts">
        <metrics statements="5" coveredstatements="4" conditionals="0" coveredconditionals="0" methods="3" coveredmethods="2"/>
        <line num="5" count="2" type="stmt"/>
        <line num="6" count="3" type="stmt"/>
        <line num="9" count="3" type="stmt"/>
        <line num="13" count="3" type="stmt"/>
        <line num="17" count="0" type="stmt"/>
      </file>
    </package>
    <package name="table.domain">
      <metrics statements="2" coveredstatements="2" conditionals="0" coveredconditionals="0" methods="1" coveredmethods="1"/>
      <file name="table.ts" path="/home/lucas/Documents/offshore/truco-game/src/modules/table/domain/table.ts">
        <metrics statements="2" coveredstatements="2" conditionals="0" coveredconditionals="0" methods="1" coveredmethods="1"/>
        <line num="4" count="1" type="stmt"/>
        <line num="7" count="2" type="stmt"/>
      </file>
    </package>
  </project>
</coverage>
