{"/home/lucas/Documents/offshore/truco-game/src/modules/game/game.ts": {"path":"/home/lucas/Documents/offshore/truco-game/src/modules/game/game.ts","statementMap":{"0":{"start":{"line":1,"column":0},"end":{"line":1,"column":34}},"1":{"start":{"line":3,"column":0},"end":{"line":3,"column":44}},"2":{"start":{"line":6,"column":2},"end":{"line":6,"column":14}},"3":{"start":{"line":7,"column":2},"end":{"line":7,"column":21}},"4":{"start":{"line":8,"column":2},"end":{"line":8,"column":27}},"5":{"start":{"line":9,"column":2},"end":{"line":9,"column":17}},"6":{"start":{"line":11,"column":4},"end":{"line":11,"column":22}},"7":{"start":{"line":12,"column":4},"end":{"line":12,"column":77}},"8":{"start":{"line":12,"column":30},"end":{"line":12,"column":77}},"9":{"start":{"line":13,"column":4},"end":{"line":13,"column":33}},"10":{"start":{"line":14,"column":4},"end":{"line":14,"column":22}},"11":{"start":{"line":15,"column":4},"end":{"line":15,"column":25}},"12":{"start":{"line":19,"column":4},"end":{"line":19,"column":20}},"13":{"start":{"line":23,"column":4},"end":{"line":23,"column":33}},"14":{"start":{"line":27,"column":4},"end":{"line":27,"column":63}},"15":{"start":{"line":27,"column":50},"end":{"line":27,"column":61}},"16":{"start":{"line":31,"column":4},"end":{"line":31,"column":42}},"17":{"start":{"line":35,"column":22},"end":{"line":35,"column":36}},"18":{"start":{"line":36,"column":4},"end":{"line":38,"column":6}},"19":{"start":{"line":37,"column":6},"end":{"line":37,"column":56}},"20":{"start":{"line":39,"column":4},"end":{"line":39,"column":35}},"21":{"start":{"line":5,"column":0},"end":{"line":5,"column":13}}},"fnMap":{"0":{"name":"(anonymous_2)","decl":{"start":{"line":10,"column":2},"end":{"line":10,"column":15}},"loc":{"start":{"line":10,"column":31},"end":{"line":16,"column":3}}},"1":{"name":"(anonymous_3)","decl":{"start":{"line":18,"column":2},"end":{"line":18,"column":6}},"loc":{"start":{"line":18,"column":8},"end":{"line":20,"column":3}}},"2":{"name":"(anonymous_4)","decl":{"start":{"line":22,"column":2},"end":{"line":22,"column":6}},"loc":{"start":{"line":22,"column":11},"end":{"line":24,"column":3}}},"3":{"name":"(anonymous_5)","decl":{"start":{"line":26,"column":2},"end":{"line":26,"column":6}},"loc":{"start":{"line":26,"column":12},"end":{"line":28,"column":3}}},"4":{"name":"(anonymous_6)","decl":{"start":{"line":27,"column":28},"end":{"line":27,"column":29}},"loc":{"start":{"line":27,"column":50},"end":{"line":27,"column":61}}},"5":{"name":"(anonymous_7)","decl":{"start":{"line":30,"column":2},"end":{"line":30,"column":14}},"loc":{"start":{"line":30,"column":23},"end":{"line":32,"column":3}}},"6":{"name":"(anonymous_8)","decl":{"start":{"line":34,"column":9},"end":{"line":34,"column":19}},"loc":{"start":{"line":34,"column":19},"end":{"line":40,"column":3}}}},"branchMap":{"0":{"loc":{"start":{"line":12,"column":4},"end":{"line":12,"column":77}},"type":"if","locations":[{"start":{"line":12,"column":4},"end":{"line":12,"column":77}},{"start":{"line":12,"column":4},"end":{"line":12,"column":77}}]},"1":{"loc":{"start":{"line":36,"column":4},"end":{"line":38,"column":6}},"type":"if","locations":[{"start":{"line":36,"column":4},"end":{"line":38,"column":6}},{"start":{"line":36,"column":4},"end":{"line":38,"column":6}}]},"2":{"loc":{"start":{"line":36,"column":8},"end":{"line":36,"column":17}},"type":"binary-expr","locations":[{"start":{"line":36,"column":8},"end":{"line":36,"column":17}},{"start":{"line":36,"column":21},"end":{"line":36,"column":61}}]}},"s":{"0":1,"1":1,"2":8,"3":8,"4":8,"5":8,"6":8,"7":8,"8":2,"9":6,"10":6,"11":6,"12":1,"13":1,"14":4,"15":1,"16":3,"17":3,"18":3,"19":1,"20":2,"21":1},"f":{"0":8,"1":1,"2":1,"3":4,"4":1,"5":3,"6":3},"b":{"0":[2,6],"1":[1,2],"2":[3,1]}}
}
