TN:
SF:src/modules/deck/card.ts
FN:13,(anonymous_2)
FN:19,(anonymous_3)
FN:23,(anonymous_4)
FN:27,(anonymous_5)
FN:31,(anonymous_6)
FNF:5
FNH:5
FNDA:283,(anonymous_2)
FNDA:1,(anonymous_3)
FNDA:1,(anonymous_4)
FNDA:1,(anonymous_5)
FNDA:161,(anonymous_6)
DA:6,2
DA:9,283
DA:10,283
DA:11,283
DA:14,283
DA:15,283
DA:16,283
DA:20,1
DA:24,1
DA:28,1
DA:32,161
LF:11
LH:11
BRF:0
BRH:0
end_of_record
TN:
SF:src/modules/deck/deck.ts
FN:19,(anonymous_2)
FN:25,(anonymous_3)
FN:28,(anonymous_4)
FN:29,(anonymous_5)
FN:39,(anonymous_6)
FN:48,(anonymous_7)
FNF:6
FNH:6
FNDA:7,(anonymous_2)
FNDA:7,(anonymous_3)
FNDA:28,(anonymous_4)
FNDA:280,(anonymous_5)
FNDA:162,(anonymous_6)
FNDA:1,(anonymous_7)
DA:1,1
DA:2,1
DA:14,1
DA:15,1
DA:17,7
DA:21,7
DA:27,7
DA:28,7
DA:29,280
DA:32,7
DA:33,295
DA:34,295
DA:36,7
DA:40,162
DA:41,162
DA:49,1
LF:16
LH:16
BRF:0
BRH:0
end_of_record
TN:
SF:src/modules/game/game.ts
FN:10,(anonymous_2)
FN:18,(anonymous_3)
FN:22,(anonymous_4)
FN:26,(anonymous_5)
FN:27,(anonymous_6)
FN:30,(anonymous_7)
FN:34,(anonymous_8)
FNF:7
FNH:7
FNDA:8,(anonymous_2)
FNDA:1,(anonymous_3)
FNDA:1,(anonymous_4)
FNDA:3,(anonymous_5)
FNDA:1,(anonymous_6)
FNDA:3,(anonymous_7)
FNDA:3,(anonymous_8)
DA:1,1
DA:3,1
DA:5,1
DA:6,8
DA:7,8
DA:8,8
DA:9,8
DA:11,8
DA:12,8
DA:13,6
DA:14,6
DA:15,6
DA:19,1
DA:23,1
DA:27,3
DA:31,3
DA:35,3
DA:36,3
DA:37,1
DA:39,2
LF:20
LH:20
BRDA:12,0,0,2
BRDA:12,0,1,6
BRDA:36,1,0,1
BRDA:36,1,1,2
BRDA:36,2,0,3
BRDA:36,2,1,1
BRF:6
BRH:6
end_of_record
TN:
SF:src/modules/game/player.ts
FN:8,(anonymous_2)
FN:14,(anonymous_3)
FN:18,(anonymous_4)
FN:22,(anonymous_5)
FNF:4
FNH:4
FNDA:17,(anonymous_2)
FNDA:1,(anonymous_3)
FNDA:1,(anonymous_4)
FNDA:2,(anonymous_5)
DA:2,3
DA:4,3
DA:5,17
DA:6,17
DA:7,17
DA:9,17
DA:10,17
DA:11,17
DA:15,1
DA:19,1
DA:23,2
LF:11
LH:11
BRF:0
BRH:0
end_of_record
TN:
SF:src/modules/game/round.ts
FN:8,(anonymous_2)
FN:12,(anonymous_3)
FN:16,(anonymous_4)
FNF:3
FNH:2
FNDA:3,(anonymous_2)
FNDA:3,(anonymous_3)
FNDA:0,(anonymous_4)
DA:5,2
DA:6,3
DA:9,3
DA:13,3
DA:17,0
LF:5
LH:4
BRF:0
BRH:0
end_of_record
TN:
SF:src/modules/table/domain/table.ts
FN:6,(anonymous_0)
FNF:1
FNH:1
FNDA:2,(anonymous_0)
DA:4,1
DA:7,2
LF:2
LH:2
BRF:0
BRH:0
end_of_record
