TN:
SF:src/modules/deck/card.ts
FN:13,(anonymous_2)
FN:19,(anonymous_3)
FN:23,(anonymous_4)
FN:27,(anonymous_5)
FN:31,(anonymous_6)
FNF:5
FNH:5
FNDA:283,(anonymous_2)
FNDA:1,(anonymous_3)
FNDA:1,(anonymous_4)
FNDA:1,(anonymous_5)
FNDA:161,(anonymous_6)
DA:6,2
DA:9,283
DA:10,283
DA:11,283
DA:14,283
DA:15,283
DA:16,283
DA:20,1
DA:24,1
DA:28,1
DA:32,161
LF:11
LH:11
BRF:0
BRH:0
end_of_record
TN:
SF:src/modules/deck/deck.ts
FN:19,(anonymous_2)
FN:25,(anonymous_3)
FN:28,(anonymous_4)
FN:29,(anonymous_5)
FN:39,(anonymous_6)
FN:48,(anonymous_7)
FNF:6
FNH:6
FNDA:7,(anonymous_2)
FNDA:7,(anonymous_3)
FNDA:28,(anonymous_4)
FNDA:280,(anonymous_5)
FNDA:162,(anonymous_6)
FNDA:1,(anonymous_7)
DA:1,1
DA:2,1
DA:14,1
DA:15,1
DA:17,7
DA:21,7
DA:27,7
DA:28,7
DA:29,280
DA:32,7
DA:33,299
DA:34,299
DA:36,7
DA:40,162
DA:41,162
DA:49,1
LF:16
LH:16
BRF:0
BRH:0
end_of_record
TN:
SF:src/modules/game/game.ts
FN:5,(anonymous_2)
FN:9,(anonymous_3)
FNF:2
FNH:2
FNDA:2,(anonymous_2)
FNDA:1,(anonymous_3)
DA:1,1
DA:3,1
DA:4,2
DA:6,2
DA:10,1
LF:5
LH:5
BRF:0
BRH:0
end_of_record
TN:
SF:src/modules/game/player.ts
FN:8,(anonymous_2)
FN:14,(anonymous_3)
FN:18,(anonymous_4)
FN:22,(anonymous_5)
FNF:4
FNH:4
FNDA:3,(anonymous_2)
FNDA:1,(anonymous_3)
FNDA:1,(anonymous_4)
FNDA:2,(anonymous_5)
DA:2,1
DA:4,1
DA:5,3
DA:6,3
DA:7,3
DA:9,3
DA:10,3
DA:11,3
DA:15,1
DA:19,1
DA:23,2
LF:11
LH:11
BRF:0
BRH:0
end_of_record
